<?xml version="1.0" encoding="UTF-8"?>
<!-- Generated by org.testng.reporters.JUnitReportReporter -->
<testsuite name="com.org.unit.Framework.TestCases.LoginPageTest" tests="1" time="1.863" ignored="0" failures="0" timestamp="26 Aug 2019 23:23:15 GMT" skipped="0" hostname="DESKTOP-UK84QK6" errors="0">
  <testcase name="loginPage" time="1.863" classname="com.org.unit.Framework.TestCases.LoginPageTest"/>
</testsuite> <!-- com.org.unit.Framework.TestCases.LoginPageTest -->
