<?xml version="1.0" encoding="UTF-8"?>
<!-- Generated by org.testng.reporters.JUnitReportReporter -->
<testsuite name="com.org.unit.Framework.TestCases.WithoutFrameworkLoginPage" tests="1" time="6.947" ignored="0" failures="0" timestamp="26 Aug 2019 20:07:30 GMT" skipped="0" hostname="DESKTOP-UK84QK6" errors="0">
  <testcase name="loginPage" time="6.947" classname="com.org.unit.Framework.TestCases.WithoutFrameworkLoginPage"/>
</testsuite> <!-- com.org.unit.Framework.TestCases.WithoutFrameworkLoginPage -->
